D, [2016-09-09T11:22:50.813447 #28181] DEBUG -- :   [1m[35m (40.1ms)[0m  [1m[35mCREATE TABLE "schema_migrations" ("version" character varying PRIMARY KEY)[0m
D, [2016-09-09T11:22:50.841565 #28181] DEBUG -- :   [1m[35m (23.2ms)[0m  [1m[35mCREATE TABLE "ar_internal_metadata" ("key" character varying PRIMARY KEY, "value" character varying, "created_at" timestamp NOT NULL, "updated_at" timestamp NOT NULL)[0m
D, [2016-09-09T11:22:50.847013 #28181] DEBUG -- :   [1m[35m (3.1ms)[0m  [1m[34mSELECT pg_try_advisory_lock(3345248889904706190);[0m
D, [2016-09-09T11:22:50.869192 #28181] DEBUG -- :   [1m[36mActiveRecord::SchemaMigration Load (2.6ms)[0m  [1m[34mSELECT "schema_migrations".* FROM "schema_migrations"[0m
I, [2016-09-09T11:22:50.915865 #28181]  INFO -- : Migrating to CreateXxxs (1)
D, [2016-09-09T11:22:50.919461 #28181] DEBUG -- :   [1m[35m (0.3ms)[0m  [1m[35mBEGIN[0m
D, [2016-09-09T11:22:50.948140 #28181] DEBUG -- :   [1m[35m (26.8ms)[0m  [1m[35mCREATE TABLE "xxxs" ("id" serial primary key, "name" character varying NOT NULL, "created_at" timestamp NOT NULL, "updated_at" timestamp NOT NULL)[0m
D, [2016-09-09T11:22:50.973976 #28181] DEBUG -- :   [1m[35mSQL (18.3ms)[0m  [1m[32mINSERT INTO "schema_migrations" ("version") VALUES ($1) RETURNING "version"[0m  [["version", "1"]]
D, [2016-09-09T11:22:50.980259 #28181] DEBUG -- :   [1m[35m (5.8ms)[0m  [1m[35mCOMMIT[0m
D, [2016-09-09T11:22:50.989399 #28181] DEBUG -- :   [1m[36mActiveRecord::InternalMetadata Load (1.8ms)[0m  [1m[34mSELECT  "ar_internal_metadata".* FROM "ar_internal_metadata" WHERE "ar_internal_metadata"."key" = $1 LIMIT $2[0m  [["key", :environment], ["LIMIT", 1]]
D, [2016-09-09T11:22:50.997160 #28181] DEBUG -- :   [1m[35m (0.3ms)[0m  [1m[35mBEGIN[0m
D, [2016-09-09T11:22:51.001192 #28181] DEBUG -- :   [1m[35mSQL (2.9ms)[0m  [1m[32mINSERT INTO "ar_internal_metadata" ("key", "value", "created_at", "updated_at") VALUES ($1, $2, $3, $4) RETURNING "key"[0m  [["key", "environment"], ["value", "default_env"], ["created_at", 2016-09-09 02:22:50 UTC], ["updated_at", 2016-09-09 02:22:50 UTC]]
D, [2016-09-09T11:22:51.002045 #28181] DEBUG -- :   [1m[35m (0.5ms)[0m  [1m[35mCOMMIT[0m
D, [2016-09-09T11:22:51.002600 #28181] DEBUG -- :   [1m[35m (0.4ms)[0m  [1m[34mSELECT pg_advisory_unlock(3345248889904706190)[0m
D, [2016-09-09T13:22:25.999238 #32343] DEBUG -- :   [1m[35m (40.7ms)[0m  [1m[35mCREATE TABLE "schema_migrations" ("version" character varying PRIMARY KEY)[0m
D, [2016-09-09T13:22:26.025716 #32343] DEBUG -- :   [1m[35m (22.5ms)[0m  [1m[35mCREATE TABLE "ar_internal_metadata" ("key" character varying PRIMARY KEY, "value" character varying, "created_at" timestamp NOT NULL, "updated_at" timestamp NOT NULL)[0m
D, [2016-09-09T13:22:26.028453 #32343] DEBUG -- :   [1m[35m (0.8ms)[0m  [1m[34mSELECT pg_try_advisory_lock(985621182588539490);[0m
D, [2016-09-09T13:22:26.044895 #32343] DEBUG -- :   [1m[36mActiveRecord::SchemaMigration Load (2.2ms)[0m  [1m[34mSELECT "schema_migrations".* FROM "schema_migrations"[0m
I, [2016-09-09T13:22:26.088190 #32343]  INFO -- : Migrating to CreateXxxs (1)
D, [2016-09-09T13:22:26.091131 #32343] DEBUG -- :   [1m[35m (0.3ms)[0m  [1m[35mBEGIN[0m
D, [2016-09-09T13:22:26.121580 #32343] DEBUG -- :   [1m[35m (28.4ms)[0m  [1m[35mCREATE TABLE "xxxs" ("id" serial primary key, "name" character varying NOT NULL, "created_at" timestamp NOT NULL, "updated_at" timestamp NOT NULL)[0m
D, [2016-09-09T13:22:26.131071 #32343] DEBUG -- :   [1m[35mSQL (0.7ms)[0m  [1m[32mINSERT INTO "schema_migrations" ("version") VALUES ($1) RETURNING "version"[0m  [["version", "1"]]
D, [2016-09-09T13:22:26.136958 #32343] DEBUG -- :   [1m[35m (5.6ms)[0m  [1m[35mCOMMIT[0m
D, [2016-09-09T13:22:26.155171 #32343] DEBUG -- :   [1m[36mActiveRecord::InternalMetadata Load (1.8ms)[0m  [1m[34mSELECT  "ar_internal_metadata".* FROM "ar_internal_metadata" WHERE "ar_internal_metadata"."key" = $1 LIMIT $2[0m  [["key", :environment], ["LIMIT", 1]]
D, [2016-09-09T13:22:26.161882 #32343] DEBUG -- :   [1m[35m (0.4ms)[0m  [1m[35mBEGIN[0m
D, [2016-09-09T13:22:26.163567 #32343] DEBUG -- :   [1m[35mSQL (0.7ms)[0m  [1m[32mINSERT INTO "ar_internal_metadata" ("key", "value", "created_at", "updated_at") VALUES ($1, $2, $3, $4) RETURNING "key"[0m  [["key", "environment"], ["value", "default_env"], ["created_at", 2016-09-09 04:22:26 UTC], ["updated_at", 2016-09-09 04:22:26 UTC]]
D, [2016-09-09T13:22:26.164359 #32343] DEBUG -- :   [1m[35m (0.6ms)[0m  [1m[35mCOMMIT[0m
D, [2016-09-09T13:22:26.165004 #32343] DEBUG -- :   [1m[35m (0.3ms)[0m  [1m[34mSELECT pg_advisory_unlock(985621182588539490)[0m
D, [2016-09-09T14:47:53.558166 #34603] DEBUG -- :   [1m[35m (32.7ms)[0m  [1m[35mCREATE TABLE "schema_migrations" ("version" character varying PRIMARY KEY)[0m
D, [2016-09-09T14:47:53.584522 #34603] DEBUG -- :   [1m[35m (21.8ms)[0m  [1m[35mCREATE TABLE "ar_internal_metadata" ("key" character varying PRIMARY KEY, "value" character varying, "created_at" timestamp NOT NULL, "updated_at" timestamp NOT NULL)[0m
D, [2016-09-09T14:47:53.591394 #34603] DEBUG -- :   [1m[35m (5.3ms)[0m  [1m[34mSELECT pg_try_advisory_lock(6780997579514757690);[0m
D, [2016-09-09T14:47:53.611396 #34603] DEBUG -- :   [1m[36mActiveRecord::SchemaMigration Load (6.4ms)[0m  [1m[34mSELECT "schema_migrations".* FROM "schema_migrations"[0m
I, [2016-09-09T14:47:53.656050 #34603]  INFO -- : Migrating to CreateFonts (1)
D, [2016-09-09T14:47:53.659531 #34603] DEBUG -- :   [1m[35m (0.5ms)[0m  [1m[35mBEGIN[0m
D, [2016-09-09T14:47:53.684916 #34603] DEBUG -- :   [1m[35m (23.5ms)[0m  [1m[35mCREATE TABLE "fonts" ("id" serial primary key, "name" character varying NOT NULL, "download_url" character varying NOT NULL, "created_at" timestamp NOT NULL, "updated_at" timestamp NOT NULL)[0m
D, [2016-09-09T14:47:53.693974 #34603] DEBUG -- :   [1m[35mSQL (0.7ms)[0m  [1m[32mINSERT INTO "schema_migrations" ("version") VALUES ($1) RETURNING "version"[0m  [["version", "1"]]
D, [2016-09-09T14:47:53.701155 #34603] DEBUG -- :   [1m[35m (6.7ms)[0m  [1m[35mCOMMIT[0m
D, [2016-09-09T14:47:53.720815 #34603] DEBUG -- :   [1m[36mActiveRecord::InternalMetadata Load (1.6ms)[0m  [1m[34mSELECT  "ar_internal_metadata".* FROM "ar_internal_metadata" WHERE "ar_internal_metadata"."key" = $1 LIMIT $2[0m  [["key", :environment], ["LIMIT", 1]]
D, [2016-09-09T14:47:53.728118 #34603] DEBUG -- :   [1m[35m (0.5ms)[0m  [1m[35mBEGIN[0m
D, [2016-09-09T14:47:53.729799 #34603] DEBUG -- :   [1m[35mSQL (0.6ms)[0m  [1m[32mINSERT INTO "ar_internal_metadata" ("key", "value", "created_at", "updated_at") VALUES ($1, $2, $3, $4) RETURNING "key"[0m  [["key", "environment"], ["value", "default_env"], ["created_at", 2016-09-09 05:47:53 UTC], ["updated_at", 2016-09-09 05:47:53 UTC]]
D, [2016-09-09T14:47:53.730765 #34603] DEBUG -- :   [1m[35m (0.6ms)[0m  [1m[35mCOMMIT[0m
D, [2016-09-09T14:47:53.731288 #34603] DEBUG -- :   [1m[35m (0.3ms)[0m  [1m[34mSELECT pg_advisory_unlock(6780997579514757690)[0m
D, [2016-09-09T14:48:08.615172 #34637] DEBUG -- :   [1m[35m (32.2ms)[0m  [1m[35mCREATE TABLE "schema_migrations" ("version" character varying PRIMARY KEY)[0m
D, [2016-09-09T14:48:08.642613 #34637] DEBUG -- :   [1m[35m (22.9ms)[0m  [1m[35mCREATE TABLE "ar_internal_metadata" ("key" character varying PRIMARY KEY, "value" character varying, "created_at" timestamp NOT NULL, "updated_at" timestamp NOT NULL)[0m
D, [2016-09-09T14:48:08.645588 #34637] DEBUG -- :   [1m[35m (1.1ms)[0m  [1m[34mSELECT pg_try_advisory_lock(7221114172444580100);[0m
D, [2016-09-09T14:48:08.665128 #34637] DEBUG -- :   [1m[36mActiveRecord::SchemaMigration Load (2.6ms)[0m  [1m[34mSELECT "schema_migrations".* FROM "schema_migrations"[0m
I, [2016-09-09T14:48:08.707683 #34637]  INFO -- : Migrating to CreateFonts (1)
D, [2016-09-09T14:48:08.711166 #34637] DEBUG -- :   [1m[35m (0.3ms)[0m  [1m[35mBEGIN[0m
D, [2016-09-09T14:48:08.741271 #34637] DEBUG -- :   [1m[35m (27.9ms)[0m  [1m[35mCREATE TABLE "fonts" ("id" serial primary key, "name" character varying NOT NULL, "download_url" character varying NOT NULL, "created_at" timestamp NOT NULL, "updated_at" timestamp NOT NULL)[0m
D, [2016-09-09T14:48:08.751155 #34637] DEBUG -- :   [1m[35mSQL (0.7ms)[0m  [1m[32mINSERT INTO "schema_migrations" ("version") VALUES ($1) RETURNING "version"[0m  [["version", "1"]]
D, [2016-09-09T14:48:08.757897 #34637] DEBUG -- :   [1m[35m (6.4ms)[0m  [1m[35mCOMMIT[0m
D, [2016-09-09T14:48:08.778231 #34637] DEBUG -- :   [1m[36mActiveRecord::InternalMetadata Load (2.3ms)[0m  [1m[34mSELECT  "ar_internal_metadata".* FROM "ar_internal_metadata" WHERE "ar_internal_metadata"."key" = $1 LIMIT $2[0m  [["key", :environment], ["LIMIT", 1]]
D, [2016-09-09T14:48:08.787250 #34637] DEBUG -- :   [1m[35m (0.4ms)[0m  [1m[35mBEGIN[0m
D, [2016-09-09T14:48:08.789862 #34637] DEBUG -- :   [1m[35mSQL (0.7ms)[0m  [1m[32mINSERT INTO "ar_internal_metadata" ("key", "value", "created_at", "updated_at") VALUES ($1, $2, $3, $4) RETURNING "key"[0m  [["key", "environment"], ["value", "default_env"], ["created_at", 2016-09-09 05:48:08 UTC], ["updated_at", 2016-09-09 05:48:08 UTC]]
D, [2016-09-09T14:48:08.790650 #34637] DEBUG -- :   [1m[35m (0.5ms)[0m  [1m[35mCOMMIT[0m
D, [2016-09-09T14:48:08.791183 #34637] DEBUG -- :   [1m[35m (0.4ms)[0m  [1m[34mSELECT pg_advisory_unlock(7221114172444580100)[0m
